"Aaden"	["Red Sox", 53, 23]
"Aaliyah"	["Red Sox", 43, 32]
"Aarav"	["Red Sox", 47, 29]
"Aaron"	["Cardinals", 27, 38]
"Abbie"	["Cardinals", 26, 36]
"Abbigail"	["Red Sox", 40, 32]
"Abby"	["Red Sox", 50, 29]
"Abdiel"	["Cardinals", 24, 68]
"Abdullah"	["Red Sox", 60, 28]
"Abel"	["Red Sox", 42, 39]
"Abigail"	["Cardinals", 30, 54]
"Abraham"	["Red Sox", 53, 28]
"Abram"	["Cardinals", 31, 39]
"Abrielle"	["Red Sox", 57, 30]
"Abril"	["Red Sox", 45, 29]
"Ace"	["Red Sox", 48, 35]
"Ada"	["Cardinals", 32, 39]
"Adalyn"	["Red Sox", 45, 37]
"Adalynn"	["Red Sox", 60, 29]
"Adam"	["Red Sox", 61, 30]
"Adan"	["Cardinals", 30, 42]
"Addilyn"	["Red Sox", 55, 30]
"Addison"	["Cardinals", 23, 66]
"Addisyn"	["Red Sox", 44, 25]
"Addyson"	["Red Sox", 49, 27]
"Adelaide"	["Cardinals", 28, 40]
"Adele"	["Cardinals", 40, 50]
"Adelina"	["Red Sox", 63, 32]
"Adeline"	["Red Sox", 48, 38]
"Adelyn"	["Red Sox", 54, 29]
"Adelynn"	["Cardinals", 29, 54]
"Aden"	["Red Sox", 58, 31]
"Aditya"	["Red Sox", 45, 32]
"Adley"	["Cardinals", 21, 66]
"Adonis"	["Cardinals", 41, 48]
"Adrian"	["Cardinals", 31, 55]
"Adriana"	["Red Sox", 50, 38]
"Adrianna"	["Red Sox", 44, 33]
"Adriel"	["Cardinals", 25, 43]
"Adrien"	["Cardinals", 31, 54]
"Adrienne"	["Cardinals", 30, 53]
"Agustin"	["Cardinals", 30, 46]
"Ahmad"	["Red Sox", 46, 26]
"Ahmed"	["Cardinals", 29, 55]
"Aidan"	["Red Sox", 47, 25]
"Aiden"	["Cardinals", 33, 48]
"Aidyn"	["Cardinals", 33, 51]
"Aileen"	["Cardinals", 19, 49]
"Aimee"	["Cardinals", 25, 51]
"Ainsley"	["Cardinals", 39, 52]
"Aisha"	["Cardinals", 24, 55]
"Aiyana"	["Cardinals", 21, 51]
"Akira"	["Red Sox", 52, 31]
"Alaina"	["Cardinals", 40, 48]
"Alan"	["Cardinals", 39, 47]
"Alana"	["Cardinals", 31, 46]
"Alani"	["Red Sox", 47, 30]
"Alanna"	["Cardinals", 41, 53]
"Alannah"	["Red Sox", 62, 20]
"Alaya"	["Cardinals", 27, 64]
"Alayah"	["Cardinals", 28, 42]
"Alayna"	["Red Sox", 56, 36]
"Alaysia"	["Red Sox", 50, 27]
"Albert"	["Cardinals", 17, 56]
"Alberto"	["Red Sox", 59, 32]
"Alden"	["Cardinals", 30, 46]
"Aldo"	["Red Sox", 47, 32]
"Aleah"	["Cardinals", 29, 52]
"Alec"	["Red Sox", 58, 26]
"Aleena"	["Cardinals", 42, 49]
"Aleigha"	["Cardinals", 36, 44]
"Alejandra"	["Red Sox", 54, 19]
"Alejandro"	["Red Sox", 52, 23]
"Alena"	["Cardinals", 32, 44]
"Alessandra"	["Red Sox", 46, 30]
"Alessandro"	["Cardinals", 38, 43]
"Alex"	["Red Sox", 40, 27]
"Alexa"	["Red Sox", 56, 31]
"Alexander"	["Cardinals", 22, 52]
"Alexandra"	["Cardinals", 20, 54]
"Alexandria"	["Red Sox", 52, 27]
"Alexia"	["Cardinals", 22, 58]
"Alexis"	["Cardinals", 29, 46]
"Alexzander"	["Red Sox", 38, 34]
"Alfonso"	["Red Sox", 57, 37]
"Alfred"	["Cardinals", 25, 42]
"Alfredo"	["Cardinals", 31, 57]
"Ali"	["Red Sox", 31, 31]
"Alia"	["Red Sox", 63, 20]
"Aliana"	["Cardinals", 21, 60]
"Alice"	["Cardinals", 26, 44]
"Alicia"	["Red Sox", 53, 28]
"Alijah"	["Cardinals", 33, 44]
"Alina"	["Red Sox", 55, 23]
"Alisa"	["Cardinals", 34, 50]
"Alisha"	["Cardinals", 32, 46]
"Alison"	["Red Sox", 50, 30]
"Alissa"	["Cardinals", 28, 45]
"Alisson"	["Red Sox", 32, 29]
"Alivia"	["Cardinals", 27, 56]
"Aliya"	["Cardinals", 29, 52]
"Aliyah"	["Red Sox", 51, 31]
"Aliza"	["Red Sox", 50, 35]
"Allan"	["Cardinals", 25, 54]
"Allen"	["Red Sox", 47, 28]
"Allie"	["Cardinals", 32, 52]
"Allison"	["Red Sox", 47, 33]
"Ally"	["Red Sox", 50, 32]
"Allyson"	["Red Sox", 48, 34]
"Alma"	["Cardinals", 31, 39]
"Alondra"	["Cardinals", 30, 59]
"Alonso"	["Red Sox", 50, 29]
"Alonzo"	["Red Sox", 47, 24]
"Alvaro"	["Cardinals", 30, 51]
"Alvin"	["Cardinals", 19, 55]
"Alyson"	["Cardinals", 30, 60]
"Alyssa"	["Red Sox", 50, 30]
"Alyvia"	["Red Sox", 53, 32]
"Amanda"	["Red Sox", 52, 23]
"Amani"	["Red Sox", 49, 29]
"Amara"	["Cardinals", 35, 52]
"Amare"	["Red Sox", 39, 27]
"Amari"	["Red Sox", 41, 39]
"Amaya"	["Cardinals", 30, 48]
"Amber"	["Cardinals", 25, 53]
"Ameer"	["Red Sox", 47, 30]
"Amelia"	["Red Sox", 53, 26]
"Amelie"	["Cardinals", 23, 56]
"America"	["Red Sox", 46, 29]
"Amina"	["Red Sox", 47, 34]
"Amir"	["Red Sox", 40, 19]
"Amira"	["Red Sox", 47, 18]
"Amirah"	["Red Sox", 49, 28]
"Amiya"	["Red Sox", 48, 34]
"Amiyah"	["Cardinals", 40, 49]
"Amos"	["Red Sox", 51, 29]
"Amy"	["Red Sox", 69, 23]
"Amya"	["Red Sox", 43, 27]
"Ana"	["Cardinals", 24, 42]
"Anabel"	["Red Sox", 38, 31]
"Anabella"	["Red Sox", 46, 26]
"Anabelle"	["Red Sox", 37, 43]
"Anahi"	["Cardinals", 37, 44]
"Analia"	["Cardinals", 32, 46]
"Anastasia"	["Red Sox", 39, 31]
"Anaya"	["Red Sox", 47, 27]
"Anders"	["Red Sox", 43, 31]
"Anderson"	["Cardinals", 37, 46]
"Andre"	["Cardinals", 28, 47]
"Andrea"	["Cardinals", 13, 47]
"Andres"	["Red Sox", 49, 28]
"Andrew"	["Cardinals", 29, 50]
"Andy"	["Cardinals", 31, 46]
"Angel"	["Red Sox", 50, 27]
"Angela"	["Cardinals", 34, 47]
"Angelica"	["Red Sox", 41, 34]
"Angelina"	["Cardinals", 30, 48]
"Angeline"	["Red Sox", 35, 27]
"Angelique"	["Red Sox", 56, 31]
"Angelo"	["Red Sox", 48, 20]
"Angie"	["Red Sox", 50, 28]
"Anika"	["Red Sox", 48, 35]
"Aniya"	["Red Sox", 42, 25]
"Aniyah"	["Red Sox", 49, 28]
"Ann"	["Red Sox", 30, 34]
"Anna"	["Cardinals", 29, 43]
"Annabel"	["Red Sox", 45, 22]
"Annabell"	["Red Sox", 43, 24]
"Annabella"	["Red Sox", 43, 34]
"Annabelle"	["Cardinals", 35, 46]
"Annalee"	["Cardinals", 29, 57]
"Annalise"	["Cardinals", 35, 49]
"Anne"	["Red Sox", 57, 36]
"Annie"	["Red Sox", 44, 29]
"Annika"	["Red Sox", 43, 20]
"Ansley"	["Red Sox", 54, 42]
"Anthony"	["Cardinals", 26, 49]
"Antoine"	["Cardinals", 25, 48]
"Anton"	["Red Sox", 55, 31]
"Antonio"	["Cardinals", 22, 56]
"Anya"	["Red Sox", 54, 30]
"Apollo"	["Cardinals", 27, 38]
"April"	["Red Sox", 40, 26]
"Arabella"	["Cardinals", 19, 48]
"Araceli"	["Cardinals", 26, 42]
"Archer"	["Cardinals", 29, 39]
"Arely"	["Cardinals", 25, 50]
"Ari"	["Red Sox", 44, 35]
"Aria"	["Red Sox", 35, 29]
"Ariah"	["Cardinals", 32, 37]
"Arian"	["Cardinals", 36, 49]
"Ariana"	["Red Sox", 54, 41]
"Arianna"	["Red Sox", 54, 30]
"Ariel"	["Cardinals", 24, 51]
"Ariella"	["Cardinals", 26, 52]
"Arielle"	["Cardinals", 24, 57]
"Arjun"	["Red Sox", 40, 23]
"Arlo"	["Red Sox", 35, 22]
"Armando"	["Red Sox", 40, 25]
"Armani"	["Red Sox", 43, 36]
"Arnav"	["Red Sox", 41, 20]
"Aron"	["Red Sox", 49, 27]
"Arthur"	["Cardinals", 26, 45]
"Arturo"	["Red Sox", 43, 29]
"Arya"	["Cardinals", 29, 48]
"Aryan"	["Cardinals", 37, 59]
"Aryana"	["Cardinals", 16, 59]
"Aryanna"	["Cardinals", 34, 51]
"Asa"	["Red Sox", 52, 30]
"Asher"	["Red Sox", 47, 33]
"Ashley"	["Cardinals", 28, 57]
"Ashlyn"	["Red Sox", 64, 32]
"Ashlynn"	["Red Sox", 62, 29]
"Ashton"	["Cardinals", 27, 49]
"Ashtyn"	["Cardinals", 29, 42]
"Asia"	["Red Sox", 48, 33]
"Aspen"	["Cardinals", 32, 67]
"Athena"	["Red Sox", 49, 30]
"Atticus"	["Red Sox", 48, 34]
"Aubree"	["Red Sox", 46, 34]
"Aubrey"	["Red Sox", 37, 27]
"Aubri"	["Red Sox", 52, 34]
"Aubriana"	["Cardinals", 28, 36]
"Aubrianna"	["Cardinals", 26, 50]
"Aubrie"	["Red Sox", 45, 40]
"Aubrielle"	["Red Sox", 55, 34]
"Audrey"	["Cardinals", 26, 45]
"Audriana"	["Red Sox", 45, 21]
"Audrianna"	["Red Sox", 45, 27]
"Audrina"	["Red Sox", 60, 37]
"August"	["Red Sox", 51, 25]
"Augustine"	["Red Sox", 54, 33]
"Augustus"	["Cardinals", 22, 54]
"Aurora"	["Cardinals", 30, 49]
"Austin"	["Red Sox", 48, 28]
"Austyn"	["Red Sox", 42, 24]
"Autumn"	["Cardinals", 32, 47]
"Ava"	["Red Sox", 45, 38]
"Avah"	["Red Sox", 42, 30]
"Averi"	["Cardinals", 27, 50]
"Averie"	["Red Sox", 44, 30]
"Avery"	["Cardinals", 35, 38]
"Aviana"	["Red Sox", 41, 44]
"Avianna"	["Cardinals", 26, 40]
"Axel"	["Cardinals", 35, 52]
"Axton"	["Cardinals", 20, 59]
"Aya"	["Red Sox", 48, 36]
"Ayaan"	["Red Sox", 50, 29]
"Ayana"	["Red Sox", 40, 44]
"Ayanna"	["Cardinals", 32, 53]
"Aydan"	["Cardinals", 25, 40]
"Ayden"	["Cardinals", 24, 51]
"Aydin"	["Cardinals", 31, 54]
"Ayla"	["Red Sox", 53, 29]
"Ayleen"	["Red Sox", 47, 32]
"Aylin"	["Cardinals", 31, 41]
"Azalea"	["Cardinals", 30, 46]
"Azaria"	["Red Sox", 59, 31]
"Azariah"	["Red Sox", 50, 31]
"Bailee"	["Red Sox", 50, 26]
"Bailey"	["Cardinals", 21, 63]
"Barbara"	["Red Sox", 46, 31]
"Barrett"	["Cardinals", 21, 59]
"Baylee"	["Red Sox", 48, 37]
"Bayleigh"	["Cardinals", 32, 60]
"Beatrice"	["Cardinals", 34, 37]
"Beau"	["Cardinals", 23, 52]
"Beckett"	["Cardinals", 32, 44]
"Beckham"	["Cardinals", 30, 48]
"Belen"	["Red Sox", 48, 29]
"Bella"	["Cardinals", 33, 45]
"Ben"	["Cardinals", 36, 53]
"Benjamin"	["Cardinals", 26, 47]
"Bennett"	["Red Sox", 35, 38]
"Benson"	["Cardinals", 20, 58]
"Bentlee"	["Cardinals", 26, 36]
"Bentley"	["Cardinals", 34, 49]
"Bently"	["Cardinals", 28, 51]
"Benton"	["Red Sox", 48, 27]
"Bethany"	["Cardinals", 28, 59]
"Bianca"	["Red Sox", 48, 30]
"Billy"	["Cardinals", 31, 39]
"Blaine"	["Cardinals", 36, 47]
"Blair"	["Red Sox", 45, 29]
"Blaise"	["Cardinals", 29, 46]
"Blake"	["Cardinals", 28, 48]
"Blakely"	["Red Sox", 49, 27]
"Blaze"	["Cardinals", 30, 57]
"Bo"	["Cardinals", 40, 51]
"Bobby"	["Cardinals", 26, 55]
"Bodhi"	["Red Sox", 60, 36]
"Boston"	["Red Sox", 44, 28]
"Bowen"	["Red Sox", 44, 34]
"Braden"	["Cardinals", 31, 50]
"Bradley"	["Red Sox", 34, 22]
"Brady"	["Cardinals", 38, 48]
"Bradyn"	["Cardinals", 32, 49]
"Braeden"	["Red Sox", 53, 33]
"Braelyn"	["Red Sox", 47, 32]
"Braelynn"	["Cardinals", 28, 46]
"Braiden"	["Cardinals", 21, 55]
"Branden"	["Red Sox", 59, 27]
"Brandon"	["Red Sox", 37, 30]
"Branson"	["Cardinals", 15, 52]
"Brantley"	["Red Sox", 41, 28]
"Braxton"	["Cardinals", 34, 49]
"Brayan"	["Cardinals", 22, 44]
"Brayden"	["Cardinals", 37, 50]
"Braydon"	["Cardinals", 29, 45]
"Braylee"	["Red Sox", 47, 30]
"Braylen"	["Red Sox", 48, 27]
"Braylon"	["Red Sox", 40, 27]
"Breanna"	["Red Sox", 36, 28]
"Brecken"	["Cardinals", 36, 54]
"Bree"	["Cardinals", 29, 59]
"Brenda"	["Cardinals", 22, 60]
"Brendan"	["Cardinals", 25, 66]
"Brenden"	["Red Sox", 50, 28]
"Brendon"	["Cardinals", 24, 53]
"Brenna"	["Cardinals", 34, 52]
"Brennan"	["Red Sox", 47, 33]
"Brennen"	["Cardinals", 27, 44]
"Brent"	["Cardinals", 32, 46]
"Brentley"	["Red Sox", 61, 33]
"Brenton"	["Cardinals", 27, 62]
"Brett"	["Red Sox", 45, 35]
"Bria"	["Red Sox", 48, 29]
"Brian"	["Red Sox", 46, 30]
"Briana"	["Red Sox", 42, 23]
"Brianna"	["Cardinals", 20, 44]
"Brice"	["Red Sox", 39, 23]
"Bridger"	["Red Sox", 47, 32]
"Bridget"	["Red Sox", 43, 24]
"Briella"	["Cardinals", 31, 49]
"Brielle"	["Cardinals", 38, 58]
"Briggs"	["Cardinals", 19, 56]
"Briley"	["Cardinals", 22, 50]
"Brinley"	["Red Sox", 45, 17]
"Brisa"	["Red Sox", 50, 32]
"Bristol"	["Red Sox", 35, 31]
"Britney"	["Red Sox", 38, 28]
"Brittany"	["Red Sox", 50, 34]
"Brock"	["Cardinals", 29, 60]
"Broderick"	["Cardinals", 31, 54]
"Brodie"	["Cardinals", 43, 61]
"Brody"	["Red Sox", 45, 34]
"Brogan"	["Cardinals", 21, 70]
"Bronson"	["Red Sox", 52, 22]
"Brooke"	["Cardinals", 29, 53]
"Brooklyn"	["Cardinals", 33, 54]
"Brooklynn"	["Red Sox", 40, 22]
"Brooks"	["Red Sox", 47, 18]
"Bruce"	["Cardinals", 25, 50]
"Bruno"	["Cardinals", 40, 69]
"Bryan"	["Cardinals", 34, 53]
"Bryanna"	["Red Sox", 41, 35]
"Bryant"	["Cardinals", 39, 48]
"Bryce"	["Red Sox", 51, 24]
"Brycen"	["Red Sox", 46, 24]
"Brylee"	["Red Sox", 52, 31]
"Bryleigh"	["Cardinals", 32, 47]
"Bryn"	["Cardinals", 31, 56]
"Brynlee"	["Red Sox", 51, 29]
"Brynn"	["Cardinals", 29, 54]
"Bryson"	["Red Sox", 54, 19]
"Byron"	["Cardinals", 26, 48]
"Cade"	["Cardinals", 29, 52]
"Caden"	["Red Sox", 54, 25]
"Cadence"	["Red Sox", 37, 24]
"Cael"	["Cardinals", 28, 46]
"Caiden"	["Red Sox", 41, 23]
"Cailyn"	["Cardinals", 21, 42]
"Cain"	["Cardinals", 24, 59]
"Caitlin"	["Red Sox", 59, 31]
"Caitlyn"	["Cardinals", 25, 41]
"Cale"	["Red Sox", 45, 21]
"Caleb"	["Red Sox", 53, 29]
"Cali"	["Cardinals", 27, 47]
"Callan"	["Cardinals", 32, 60]
"Callen"	["Red Sox", 63, 29]
"Callie"	["Red Sox", 40, 18]
"Callum"	["Cardinals", 27, 57]
"Calvin"	["Red Sox", 52, 32]
"Cambria"	["Red Sox", 36, 39]
"Camden"	["Cardinals", 27, 40]
"Camdyn"	["Cardinals", 33, 47]
"Cameron"	["Cardinals", 30, 56]
"Camila"	["Red Sox", 51, 29]
"Camilla"	["Cardinals", 31, 52]
"Camille"	["Red Sox", 47, 30]
"Camilo"	["Cardinals", 41, 47]
"Campbell"	["Cardinals", 34, 40]
"Camren"	["Red Sox", 53, 30]
"Camron"	["Cardinals", 34, 50]
"Camryn"	["Red Sox", 47, 30]
"Cannon"	["Red Sox", 42, 29]
"Cara"	["Cardinals", 29, 48]
"Carissa"	["Red Sox", 52, 26]
"Carl"	["Red Sox", 40, 31]
"Carla"	["Cardinals", 30, 48]
"Carlee"	["Red Sox", 45, 30]
"Carleigh"	["Red Sox", 56, 25]
"Carley"	["Cardinals", 30, 53]
"Carlie"	["Cardinals", 23, 50]
"Carlos"	["Cardinals", 23, 39]
"Carly"	["Cardinals", 23, 54]
"Carmelo"	["Cardinals", 35, 52]
"Carmen"	["Red Sox", 45, 27]
"Carolina"	["Red Sox", 52, 26]
"Caroline"	["Red Sox", 45, 32]
"Carolyn"	["Red Sox", 44, 32]
"Carson"	["Red Sox", 44, 34]
"Carter"	["Red Sox", 56, 33]
"Case"	["Red Sox", 47, 43]
"Casen"	["Red Sox", 47, 34]
"Casey"	["Cardinals", 34, 53]
"Cash"	["Cardinals", 25, 54]
"Cason"	["Cardinals", 26, 52]
"Cassandra"	["Cardinals", 31, 52]
"Cassidy"	["Red Sox", 42, 26]
"Cassius"	["Cardinals", 24, 56]
"Cataleya"	["Cardinals", 29, 55]
"Catalina"	["Red Sox", 57, 35]
"Catherine"	["Red Sox", 49, 33]
"Cayden"	["Red Sox", 43, 31]
"Caylee"	["Red Sox", 36, 25]
"Cayson"	["Red Sox", 47, 28]
"Cecelia"	["Cardinals", 22, 56]
"Cecilia"	["Red Sox", 50, 31]
"Cedric"	["Red Sox", 38, 37]
"Celeste"	["Red Sox", 55, 28]
"Celia"	["Red Sox", 57, 33]
"Celine"	["Cardinals", 29, 57]
"Cesar"	["Red Sox", 52, 32]
"Chace"	["Red Sox", 56, 36]
"Chad"	["Red Sox", 36, 33]
"Chaim"	["Red Sox", 44, 24]
"Chana"	["Red Sox", 52, 37]
"Chance"	["Cardinals", 32, 50]
"Chandler"	["Red Sox", 47, 23]
"Chanel"	["Red Sox", 43, 40]
"Channing"	["Red Sox", 53, 38]
"Charity"	["Red Sox", 47, 30]
"Charlee"	["Cardinals", 34, 50]
"Charleigh"	["Red Sox", 61, 29]
"Charles"	["Red Sox", 38, 28]
"Charley"	["Red Sox", 49, 28]
"Charli"	["Cardinals", 21, 52]
"Charlie"	["Cardinals", 30, 45]
"Charlize"	["Cardinals", 37, 38]
"Charlotte"	["Cardinals", 20, 45]
"Chase"	["Cardinals", 24, 51]
"Chaya"	["Red Sox", 42, 31]
"Chelsea"	["Red Sox", 50, 24]
"Cherish"	["Cardinals", 33, 47]
"Cheyanne"	["Red Sox", 50, 34]
"Cheyenne"	["Red Sox", 49, 24]
"Chloe"	["Cardinals", 26, 72]
"Chris"	["Red Sox", 49, 31]
"Christian"	["Red Sox", 46, 32]
"Christina"	["Cardinals", 23, 63]
"Christine"	["Cardinals", 29, 55]
"Christopher"	["Red Sox", 41, 29]
"Ciara"	["Cardinals", 15, 56]
"Cindy"	["Cardinals", 25, 45]
"Claire"	["Red Sox", 48, 31]
"Clara"	["Cardinals", 33, 36]
"Clare"	["Red Sox", 39, 29]
"Clarissa"	["Cardinals", 28, 51]
"Clark"	["Cardinals", 37, 62]
"Claudia"	["Cardinals", 31, 38]
"Clay"	["Red Sox", 50, 31]
"Clayton"	["Red Sox", 51, 26]
"Clinton"	["Red Sox", 52, 24]
"Cody"	["Cardinals", 33, 50]
"Cohen"	["Cardinals", 27, 43]
"Colby"	["Red Sox", 51, 31]
"Cole"	["Red Sox", 51, 32]
"Coleman"	["Cardinals", 26, 51]
"Colette"	["Red Sox", 52, 28]
"Colin"	["Red Sox", 45, 32]
"Collin"	["Cardinals", 22, 62]
"Collins"	["Cardinals", 34, 41]
"Colt"	["Red Sox", 40, 23]
"Colten"	["Red Sox", 40, 25]
"Colton"	["Red Sox", 53, 27]
"Conner"	["Cardinals", 25, 41]
"Connor"	["Cardinals", 33, 47]
"Conor"	["Cardinals", 33, 54]
"Conrad"	["Cardinals", 35, 53]
"Cooper"	["Red Sox", 39, 27]
"Cora"	["Cardinals", 31, 46]
"Coraline"	["Red Sox", 55, 33]
"Corbin"	["Cardinals", 33, 49]
"Corey"	["Cardinals", 25, 47]
"Corinne"	["Red Sox", 43, 28]
"Cory"	["Red Sox", 38, 22]
"Courtney"	["Cardinals", 25, 51]
"Craig"	["Cardinals", 33, 50]
"Crew"	["Cardinals", 16, 56]
"Cristian"	["Red Sox", 48, 31]
"Cristina"	["Cardinals", 20, 56]
"Cristopher"	["Red Sox", 52, 24]
"Crosby"	["Cardinals", 18, 51]
"Cruz"	["Cardinals", 31, 49]
"Crystal"	["Red Sox", 43, 30]
"Cullen"	["Cardinals", 30, 52]
"Curtis"	["Red Sox", 54, 28]
"Cynthia"	["Red Sox", 37, 31]
"Cyrus"	["Red Sox", 54, 32]
"Dahlia"	["Cardinals", 27, 52]
"Daisy"	["Red Sox", 50, 32]
"Dakota"	["Red Sox", 49, 35]
"Dalilah"	["Cardinals", 25, 44]
"Dallas"	["Cardinals", 30, 33]
"Dalton"	["Cardinals", 37, 44]
"Damari"	["Cardinals", 25, 47]
"Damarion"	["Red Sox", 50, 22]
"Damian"	["Red Sox", 66, 29]
"Damien"	["Cardinals", 32, 46]
"Damion"	["Cardinals", 21, 53]
"Damon"	["Red Sox", 41, 26]
"Dana"	["Red Sox", 55, 26]
"Dane"	["Red Sox", 49, 28]
"Dangelo"	["Red Sox", 43, 25]
"Danica"	["Cardinals", 32, 67]
"Daniel"	["Red Sox", 43, 33]
"Daniela"	["Red Sox", 43, 23]
"Daniella"	["Cardinals", 29, 41]
"Danielle"	["Red Sox", 41, 29]
"Danika"	["Cardinals", 24, 47]
"Danna"	["Cardinals", 27, 44]
"Danny"	["Cardinals", 22, 45]
"Dante"	["Cardinals", 20, 39]
"Daphne"	["Cardinals", 33, 39]
"Darian"	["Red Sox", 38, 31]
"Dariel"	["Red Sox", 36, 21]
"Darien"	["Red Sox", 40, 20]
"Dario"	["Cardinals", 26, 62]
"Darius"	["Cardinals", 39, 50]
"Darnell"	["Cardinals", 22, 59]
"Darrell"	["Red Sox", 48, 29]
"Darren"	["Red Sox", 46, 36]
"Darryl"	["Red Sox", 52, 31]
"Darwin"	["Cardinals", 32, 47]
"Davian"	["Red Sox", 47, 31]
"David"	["Cardinals", 29, 57]
"Davin"	["Red Sox", 41, 21]
"Davion"	["Red Sox", 42, 22]
"Davis"	["Cardinals", 35, 52]
"Davon"	["Red Sox", 60, 38]
"Dawson"	["Cardinals", 35, 61]
"Dax"	["Red Sox", 49, 37]
"Daxton"	["Red Sox", 42, 30]
"Dayana"	["Cardinals", 39, 64]
"Dayton"	["Cardinals", 33, 54]
"Deacon"	["Cardinals", 25, 49]
"Dean"	["Red Sox", 54, 22]
"Deandre"	["Red Sox", 45, 44]
"Deangelo"	["Cardinals", 21, 58]
"Deanna"	["Red Sox", 51, 27]
"Deborah"	["Red Sox", 48, 44]
"Declan"	["Red Sox", 58, 30]
"Deegan"	["Cardinals", 20, 60]
"Delaney"	["Red Sox", 46, 30]
"Delilah"	["Red Sox", 41, 27]
"Demarcus"	["Red Sox", 39, 37]
"Demetrius"	["Cardinals", 20, 48]
"Demi"	["Cardinals", 29, 47]
"Denise"	["Cardinals", 23, 63]
"Dennis"	["Cardinals", 28, 52]
"Denzel"	["Red Sox", 52, 36]
"Deon"	["Cardinals", 25, 61]
"Derek"	["Red Sox", 49, 36]
"Derick"	["Red Sox", 58, 33]
"Derrick"	["Cardinals", 28, 59]
"Deshawn"	["Red Sox", 54, 33]
"Desiree"	["Red Sox", 43, 35]
"Desmond"	["Red Sox", 55, 34]
"Destinee"	["Cardinals", 28, 46]
"Destiny"	["Cardinals", 37, 51]
"Devan"	["Cardinals", 23, 62]
"Devin"	["Cardinals", 29, 53]
"Devon"	["Cardinals", 33, 46]
"Devyn"	["Red Sox", 33, 29]
"Dexter"	["Cardinals", 32, 43]
"Diamond"	["Red Sox", 57, 51]
"Diana"	["Red Sox", 47, 27]
"Diego"	["Cardinals", 30, 45]
"Dillon"	["Cardinals", 22, 59]
"Dixie"	["Cardinals", 34, 44]
"Dominic"	["Red Sox", 56, 34]
"Dominick"	["Red Sox", 55, 29]
"Dominik"	["Red Sox", 48, 22]
"Dominique"	["Red Sox", 49, 28]
"Donald"	["Cardinals", 30, 51]
"Donovan"	["Red Sox", 47, 30]
"Donte"	["Cardinals", 24, 62]
"Dorian"	["Cardinals", 29, 60]
"Dorothy"	["Cardinals", 33, 52]
"Douglas"	["Cardinals", 35, 53]
"Drake"	["Cardinals", 33, 35]
"Draven"	["Red Sox", 46, 27]
"Drew"	["Red Sox", 45, 36]
"Dulce"	["Cardinals", 40, 51]
"Duncan"	["Red Sox", 48, 26]
"Dustin"	["Red Sox", 46, 33]
"Dwayne"	["Red Sox", 44, 27]
"Dylan"	["Cardinals", 28, 49]
"Ean"	["Red Sox", 48, 27]
"Easton"	["Red Sox", 47, 35]
"Eddie"	["Red Sox", 41, 38]
"Eden"	["Cardinals", 30, 58]
"Edgar"	["Cardinals", 29, 54]
"Edison"	["Cardinals", 35, 51]
"Edith"	["Red Sox", 58, 23]
"Eduardo"	["Cardinals", 24, 54]
"Edward"	["Red Sox", 53, 23]
"Edwin"	["Cardinals", 24, 45]
"Efrain"	["Red Sox", 52, 33]
"Eileen"	["Red Sox", 62, 26]
"Elaina"	["Red Sox", 47, 36]
"Elaine"	["Cardinals", 34, 42]
"Eleanor"	["Cardinals", 35, 51]
"Elena"	["Red Sox", 56, 27]
"Eli"	["Cardinals", 30, 60]
"Elian"	["Red Sox", 48, 30]
"Eliana"	["Cardinals", 26, 46]
"Elianna"	["Cardinals", 27, 50]
"Elias"	["Red Sox", 60, 39]
"Elijah"	["Cardinals", 36, 52]
"Elin"	["Red Sox", 37, 30]
"Eliot"	["Red Sox", 44, 22]
"Elisa"	["Red Sox", 51, 34]
"Elisabeth"	["Cardinals", 21, 54]
"Elise"	["Cardinals", 28, 47]
"Eliseo"	["Red Sox", 51, 38]
"Elisha"	["Red Sox", 49, 30]
"Elissa"	["Red Sox", 53, 36]
"Eliza"	["Cardinals", 24, 57]
"Elizabeth"	["Red Sox", 47, 31]
"Ella"	["Cardinals", 25, 58]
"Elle"	["Cardinals", 27, 52]
"Ellen"	["Red Sox", 42, 27]
"Elliana"	["Red Sox", 50, 30]
"Ellie"	["Red Sox", 44, 39]
"Elliot"	["Cardinals", 19, 40]
"Elliott"	["Red Sox", 63, 28]
"Ellis"	["Cardinals", 23, 50]
"Eloise"	["Cardinals", 39, 61]
"Elsa"	["Red Sox", 43, 32]
"Elsie"	["Cardinals", 26, 42]
"Elyse"	["Cardinals", 24, 38]
"Emanuel"	["Red Sox", 56, 30]
"Ember"	["Red Sox", 53, 38]
"Emelia"	["Cardinals", 28, 42]
"Emely"	["Cardinals", 22, 61]
"Emerson"	["Red Sox", 46, 37]
"Emersyn"	["Red Sox", 48, 32]
"Emery"	["Red Sox", 47, 36]
"Emilee"	["Cardinals", 28, 48]
"Emilia"	["Red Sox", 39, 35]
"Emiliano"	["Red Sox", 45, 37]
"Emilie"	["Red Sox", 58, 22]
"Emilio"	["Cardinals", 24, 43]
"Emily"	["Red Sox", 49, 31]
"Emma"	["Red Sox", 52, 25]
"Emmalee"	["Red Sox", 47, 32]
"Emmaline"	["Cardinals", 29, 59]
"Emmalyn"	["Red Sox", 39, 34]
"Emmalynn"	["Red Sox", 43, 37]
"Emmanuel"	["Red Sox", 50, 21]
"Emmett"	["Cardinals", 31, 51]
"Emmitt"	["Cardinals", 33, 53]
"Emmy"	["Cardinals", 32, 33]
"Emory"	["Red Sox", 43, 43]
"Enrique"	["Cardinals", 25, 61]
"Enzo"	["Red Sox", 52, 25]
"Eric"	["Cardinals", 26, 45]
"Erica"	["Cardinals", 34, 48]
"Erick"	["Red Sox", 41, 33]
"Erik"	["Cardinals", 41, 52]
"Erika"	["Red Sox", 52, 33]
"Erin"	["Red Sox", 33, 32]
"Ernest"	["Red Sox", 49, 33]
"Ernesto"	["Red Sox", 48, 23]
"Esme"	["Red Sox", 52, 29]
"Esmeralda"	["Cardinals", 27, 50]
"Esteban"	["Cardinals", 32, 52]
"Estella"	["Cardinals", 28, 57]
"Estelle"	["Cardinals", 22, 48]
"Esther"	["Cardinals", 28, 46]
"Estrella"	["Red Sox", 42, 33]
"Ethan"	["Red Sox", 61, 37]
"Eugene"	["Red Sox", 58, 35]
"Eva"	["Cardinals", 25, 48]
"Evalyn"	["Cardinals", 17, 42]
"Evan"	["Cardinals", 24, 50]
"Evangeline"	["Cardinals", 35, 39]
"Eve"	["Cardinals", 34, 45]
"Evelyn"	["Cardinals", 41, 55]
"Evelynn"	["Cardinals", 29, 64]
"Everett"	["Red Sox", 48, 24]
"Everly"	["Cardinals", 32, 57]
"Evie"	["Red Sox", 57, 28]
"Ezekiel"	["Red Sox", 41, 28]
"Ezequiel"	["Cardinals", 31, 53]
"Ezra"	["Red Sox", 43, 42]
"Fabian"	["Red Sox", 48, 31]
"Faith"	["Red Sox", 48, 28]
"Farrah"	["Red Sox", 40, 30]
"Fatima"	["Red Sox", 37, 33]
"Felicity"	["Cardinals", 22, 50]
"Felipe"	["Cardinals", 35, 46]
"Felix"	["Cardinals", 34, 59]
"Fernanda"	["Cardinals", 28, 44]
"Fernando"	["Red Sox", 45, 32]
"Finley"	["Red Sox", 57, 27]
"Finn"	["Cardinals", 28, 55]
"Finnegan"	["Cardinals", 36, 58]
"Fiona"	["Cardinals", 28, 54]
"Fisher"	["Red Sox", 57, 29]
"Fletcher"	["Cardinals", 30, 45]
"Flynn"	["Cardinals", 31, 56]
"Foster"	["Red Sox", 55, 33]
"Frances"	["Red Sox", 60, 34]
"Francesca"	["Red Sox", 41, 25]
"Francis"	["Red Sox", 50, 26]
"Francisco"	["Red Sox", 44, 30]
"Franco"	["Cardinals", 31, 55]
"Frank"	["Cardinals", 31, 45]
"Frankie"	["Cardinals", 32, 41]
"Franklin"	["Cardinals", 22, 48]
"Freddy"	["Red Sox", 47, 24]
"Frederick"	["Cardinals", 32, 52]
"Gabriel"	["Cardinals", 26, 44]
"Gabriela"	["Cardinals", 31, 58]
"Gabriella"	["Cardinals", 19, 37]
"Gabrielle"	["Red Sox", 48, 26]
"Gael"	["Red Sox", 46, 28]
"Gage"	["Red Sox", 38, 31]
"Gaige"	["Red Sox", 51, 28]
"Galilea"	["Red Sox", 52, 28]
"Garrett"	["Cardinals", 28, 58]
"Gary"	["Red Sox", 47, 33]
"Gauge"	["Cardinals", 26, 52]
"Gavin"	["Red Sox", 46, 28]
"Gavyn"	["Cardinals", 34, 60]
"Gemma"	["Red Sox", 54, 27]
"Genesis"	["Cardinals", 32, 51]
"Genevieve"	["Red Sox", 54, 24]
"George"	["Cardinals", 23, 47]
"Georgia"	["Red Sox", 50, 25]
"Gerald"	["Cardinals", 27, 42]
"Geraldine"	["Cardinals", 23, 51]
"Gerardo"	["Red Sox", 43, 28]
"Gia"	["Red Sox", 45, 31]
"Giada"	["Cardinals", 38, 42]
"Giana"	["Red Sox", 48, 27]
"Giancarlo"	["Red Sox", 43, 36]
"Gianna"	["Cardinals", 15, 40]
"Gianni"	["Red Sox", 56, 39]
"Gibson"	["Cardinals", 23, 57]
"Gideon"	["Red Sox", 45, 18]
"Gilbert"	["Cardinals", 26, 57]
"Gilberto"	["Red Sox", 44, 25]
"Giovani"	["Cardinals", 24, 45]
"Giovanna"	["Red Sox", 52, 26]
"Giovanni"	["Cardinals", 36, 49]
"Giovanny"	["Red Sox", 46, 34]
"Giselle"	["Red Sox", 39, 24]
"Gisselle"	["Cardinals", 33, 44]
"Giuliana"	["Red Sox", 37, 37]
"Gloria"	["Cardinals", 30, 40]
"Grace"	["Red Sox", 55, 31]
"Gracelyn"	["Cardinals", 25, 47]
"Gracelynn"	["Cardinals", 24, 58]
"Gracie"	["Cardinals", 28, 41]
"Grady"	["Cardinals", 24, 50]
"Graeme"	["Cardinals", 30, 44]
"Graham"	["Red Sox", 49, 33]
"Grant"	["Red Sox", 45, 34]
"Graysen"	["Red Sox", 33, 35]
"Grayson"	["Red Sox", 49, 32]
"Gregory"	["Cardinals", 20, 46]
"Greta"	["Cardinals", 22, 56]
"Greyson"	["Red Sox", 41, 37]
"Griffin"	["Cardinals", 24, 53]
"Guadalupe"	["Red Sox", 36, 29]
"Guillermo"	["Red Sox", 51, 32]
"Gunnar"	["Red Sox", 41, 26]
"Gunner"	["Cardinals", 26, 51]
"Gustavo"	["Red Sox", 47, 24]
"Gwendolyn"	["Cardinals", 27, 40]
"Hadassah"	["Red Sox", 51, 24]
"Hadley"	["Red Sox", 60, 30]
"Hailee"	["Cardinals", 31, 53]
"Hailey"	["Red Sox", 50, 28]
"Haleigh"	["Red Sox", 53, 31]
"Haley"	["Cardinals", 35, 47]
"Halle"	["Cardinals", 24, 61]
"Hallie"	["Cardinals", 30, 60]
"Hamza"	["Red Sox", 63, 29]
"Hana"	["Cardinals", 29, 44]
"Hank"	["Red Sox", 52, 28]
"Hanna"	["Cardinals", 29, 59]
"Hannah"	["Red Sox", 58, 25]
"Harlee"	["Red Sox", 36, 26]
"Harley"	["Cardinals", 24, 60]
"Harlow"	["Cardinals", 34, 51]
"Harmony"	["Red Sox", 39, 32]
"Harold"	["Cardinals", 24, 63]
"Harper"	["Red Sox", 58, 31]
"Harrison"	["Cardinals", 35, 45]
"Harry"	["Cardinals", 24, 50]
"Harvey"	["Cardinals", 29, 53]
"Hassan"	["Red Sox", 60, 32]
"Hattie"	["Red Sox", 33, 22]
"Haven"	["Cardinals", 24, 47]
"Hayden"	["Cardinals", 31, 42]
"Hayes"	["Red Sox", 47, 43]
"Haylee"	["Cardinals", 31, 52]
"Hayleigh"	["Red Sox", 52, 38]
"Hayley"	["Cardinals", 32, 63]
"Haylie"	["Cardinals", 32, 67]
"Hazel"	["Red Sox", 40, 22]
"Heath"	["Red Sox", 35, 31]
"Heather"	["Red Sox", 59, 32]
"Heaven"	["Red Sox", 46, 20]
"Hector"	["Red Sox", 49, 27]
"Heidi"	["Cardinals", 33, 40]
"Helen"	["Red Sox", 42, 37]
"Helena"	["Red Sox", 58, 26]
"Hendrix"	["Red Sox", 62, 27]
"Henry"	["Cardinals", 36, 45]
"Hezekiah"	["Cardinals", 44, 42]
"Holden"	["Red Sox", 48, 26]
"Holly"	["Cardinals", 17, 43]
"Hope"	["Red Sox", 38, 30]
"Houston"	["Cardinals", 19, 54]
"Howard"	["Cardinals", 27, 44]
"Hudson"	["Cardinals", 28, 44]
"Hugh"	["Cardinals", 28, 55]
"Hugo"	["Cardinals", 21, 47]
"Hunter"	["Red Sox", 50, 29]
"Ian"	["Red Sox", 51, 32]
"Ibrahim"	["Cardinals", 31, 57]
"Ignacio"	["Cardinals", 32, 54]
"Iker"	["Cardinals", 33, 36]
"Iliana"	["Cardinals", 28, 43]
"Imani"	["Cardinals", 22, 52]
"Immanuel"	["Red Sox", 45, 35]
"Ingrid"	["Cardinals", 29, 56]
"Irene"	["Red Sox", 44, 36]
"Iris"	["Red Sox", 61, 31]
"Isaac"	["Red Sox", 48, 25]
"Isabel"	["Red Sox", 50, 17]
"Isabela"	["Red Sox", 44, 29]
"Isabella"	["Cardinals", 29, 37]
"Isabelle"	["Red Sox", 54, 25]
"Isai"	["Cardinals", 35, 52]
"Isaiah"	["Red Sox", 50, 37]
"Isaias"	["Cardinals", 25, 60]
"Ishaan"	["Cardinals", 19, 44]
"Isiah"	["Cardinals", 27, 38]
"Isis"	["Cardinals", 25, 40]
"Isla"	["Cardinals", 27, 45]
"Ismael"	["Red Sox", 43, 31]
"Israel"	["Cardinals", 28, 50]
"Issac"	["Cardinals", 25, 47]
"Itzel"	["Cardinals", 31, 54]
"Ivan"	["Cardinals", 26, 47]
"Ivanna"	["Cardinals", 21, 52]
"Ivy"	["Red Sox", 41, 29]
"Izabella"	["Red Sox", 50, 34]
"Izabelle"	["Red Sox", 49, 29]
"Izaiah"	["Cardinals", 34, 43]
"Izayah"	["Cardinals", 26, 38]
"Jabari"	["Red Sox", 48, 27]
"Jace"	["Cardinals", 24, 56]
"Jack"	["Cardinals", 39, 66]
"Jackson"	["Red Sox", 51, 30]
"Jacob"	["Cardinals", 34, 48]
"Jacoby"	["Cardinals", 30, 58]
"Jacqueline"	["Cardinals", 42, 49]
"Jada"	["Cardinals", 26, 50]
"Jade"	["Red Sox", 50, 32]
"Jaden"	["Cardinals", 23, 52]
"Jadiel"	["Cardinals", 33, 49]
"Jadon"	["Cardinals", 30, 61]
"Jaeden"	["Cardinals", 23, 52]
"Jael"	["Cardinals", 23, 41]
"Jaelyn"	["Red Sox", 36, 32]
"Jaelynn"	["Cardinals", 31, 60]
"Jagger"	["Red Sox", 44, 21]
"Jaida"	["Red Sox", 43, 32]
"Jaiden"	["Red Sox", 55, 26]
"Jaidyn"	["Cardinals", 29, 42]
"Jaime"	["Cardinals", 28, 56]
"Jairo"	["Red Sox", 56, 35]
"Jakayla"	["Red Sox", 43, 29]
"Jake"	["Red Sox", 54, 31]
"Jakob"	["Cardinals", 23, 57]
"Jalen"	["Cardinals", 35, 60]
"Jaliyah"	["Red Sox", 58, 22]
"Jamal"	["Cardinals", 34, 48]
"Jamar"	["Cardinals", 25, 46]
"Jamari"	["Red Sox", 47, 29]
"Jamarion"	["Cardinals", 30, 44]
"James"	["Cardinals", 28, 52]
"Jameson"	["Red Sox", 54, 36]
"Jamie"	["Cardinals", 28, 49]
"Jamir"	["Red Sox", 39, 31]
"Jamison"	["Cardinals", 33, 62]
"Janae"	["Red Sox", 41, 25]
"Jane"	["Red Sox", 32, 33]
"Janelle"	["Red Sox", 56, 27]
"Janessa"	["Red Sox", 53, 34]
"Janiya"	["Red Sox", 53, 25]
"Janiyah"	["Cardinals", 26, 47]
"Jaqueline"	["Red Sox", 41, 28]
"Jared"	["Cardinals", 27, 41]
"Jarrett"	["Red Sox", 49, 38]
"Jase"	["Cardinals", 31, 56]
"Jasiah"	["Cardinals", 26, 49]
"Jasmin"	["Red Sox", 67, 21]
"Jasmine"	["Cardinals", 24, 39]
"Jason"	["Red Sox", 50, 25]
"Jasper"	["Cardinals", 30, 51]
"Javier"	["Red Sox", 45, 31]
"Javion"	["Cardinals", 32, 59]
"Javon"	["Cardinals", 17, 55]
"Jax"	["Red Sox", 42, 40]
"Jaxen"	["Cardinals", 29, 41]
"Jaxon"	["Cardinals", 26, 41]
"Jaxson"	["Cardinals", 37, 56]
"Jaxton"	["Red Sox", 51, 32]
"Jay"	["Red Sox", 47, 29]
"Jayce"	["Red Sox", 56, 37]
"Jaycee"	["Red Sox", 53, 31]
"Jaycob"	["Cardinals", 27, 53]
"Jayda"	["Red Sox", 34, 40]
"Jayde"	["Cardinals", 32, 35]
"Jayden"	["Cardinals", 24, 40]
"Jaydon"	["Cardinals", 36, 71]
"Jayla"	["Red Sox", 57, 25]
"Jaylah"	["Red Sox", 56, 24]
"Jaylee"	["Cardinals", 27, 36]
"Jayleen"	["Cardinals", 26, 44]
"Jaylen"	["Cardinals", 17, 53]
"Jaylene"	["Cardinals", 25, 47]
"Jaylin"	["Red Sox", 44, 25]
"Jaylon"	["Cardinals", 20, 54]
"Jaylynn"	["Cardinals", 26, 45]
"Jayson"	["Cardinals", 29, 48]
"Jazlyn"	["Cardinals", 23, 56]
"Jazlynn"	["Red Sox", 50, 28]
"Jazmin"	["Red Sox", 44, 35]
"Jazmine"	["Cardinals", 31, 46]
"Jazzlyn"	["Red Sox", 47, 22]
"Jedidiah"	["Red Sox", 47, 30]
"Jefferson"	["Cardinals", 20, 53]
"Jeffery"	["Red Sox", 45, 33]
"Jeffrey"	["Cardinals", 28, 58]
"Jemma"	["Red Sox", 55, 34]
"Jenna"	["Red Sox", 51, 27]
"Jennifer"	["Red Sox", 54, 31]
"Jenny"	["Red Sox", 50, 38]
"Jensen"	["Red Sox", 35, 36]
"Jeremiah"	["Red Sox", 49, 25]
"Jeremy"	["Red Sox", 51, 26]
"Jermaine"	["Cardinals", 23, 36]
"Jerome"	["Cardinals", 34, 47]
"Jerry"	["Cardinals", 32, 40]
"Jessa"	["Red Sox", 46, 33]
"Jesse"	["Red Sox", 41, 28]
"Jessica"	["Cardinals", 34, 50]
"Jessie"	["Cardinals", 26, 44]
"Jesus"	["Cardinals", 32, 45]
"Jett"	["Cardinals", 30, 41]
"Jewel"	["Red Sox", 47, 39]
"Jillian"	["Red Sox", 39, 32]
"Jimena"	["Red Sox", 58, 40]
"Jimmy"	["Cardinals", 34, 63]
"Jionni"	["Cardinals", 28, 47]
"Joanna"	["Cardinals", 23, 66]
"Joaquin"	["Cardinals", 30, 44]
"Jocelyn"	["Cardinals", 31, 57]
"Jocelynn"	["Red Sox", 53, 37]
"Joe"	["Cardinals", 29, 49]
"Joel"	["Red Sox", 52, 30]
"Joey"	["Red Sox", 41, 24]
"Johan"	["Red Sox", 57, 28]
"Johann"	["Red Sox", 54, 36]
"Johanna"	["Cardinals", 27, 55]
"John"	["Red Sox", 49, 29]
"Johnathan"	["Red Sox", 46, 32]
"Johnathon"	["Red Sox", 58, 34]
"Johnny"	["Red Sox", 44, 24]
"Jolene"	["Cardinals", 24, 47]
"Jolie"	["Red Sox", 52, 24]
"Jon"	["Red Sox", 39, 28]
"Jonah"	["Cardinals", 28, 56]
"Jonas"	["Red Sox", 52, 30]
"Jonathan"	["Cardinals", 34, 46]
"Jonathon"	["Cardinals", 32, 52]
"Jordan"	["Red Sox", 49, 30]
"Jorden"	["Red Sox", 33, 29]
"Jordyn"	["Cardinals", 23, 56]
"Jordynn"	["Red Sox", 49, 27]
"Jorge"	["Red Sox", 46, 25]
"Jose"	["Red Sox", 35, 34]
"Joselyn"	["Red Sox", 55, 41]
"Joseph"	["Cardinals", 27, 52]
"Josephine"	["Red Sox", 48, 29]
"Joshua"	["Red Sox", 47, 28]
"Josiah"	["Cardinals", 17, 51]
"Josie"	["Red Sox", 63, 23]
"Joslyn"	["Cardinals", 28, 45]
"Josue"	["Red Sox", 41, 29]
"Journee"	["Red Sox", 46, 36]
"Journey"	["Cardinals", 27, 58]
"Jovani"	["Cardinals", 30, 57]
"Jovanni"	["Red Sox", 53, 34]
"Joy"	["Red Sox", 42, 38]
"Joyce"	["Cardinals", 34, 63]
"Joziah"	["Cardinals", 44, 61]
"Juan"	["Cardinals", 33, 50]
"Judah"	["Red Sox", 52, 36]
"Jude"	["Red Sox", 52, 38]
"Judith"	["Cardinals", 34, 40]
"Juelz"	["Cardinals", 24, 50]
"Julia"	["Red Sox", 41, 28]
"Julian"	["Cardinals", 25, 50]
"Juliana"	["Cardinals", 26, 44]
"Julianna"	["Cardinals", 36, 46]
"Julianne"	["Cardinals", 34, 48]
"Julie"	["Red Sox", 50, 21]
"Julien"	["Cardinals", 21, 56]
"Juliet"	["Cardinals", 21, 53]
"Juliette"	["Red Sox", 44, 27]
"Julio"	["Cardinals", 22, 50]
"Julissa"	["Cardinals", 25, 47]
"Julius"	["Red Sox", 45, 32]
"June"	["Cardinals", 28, 48]
"Junior"	["Cardinals", 19, 44]
"Juniper"	["Cardinals", 24, 50]
"Justice"	["Cardinals", 29, 58]
"Justin"	["Red Sox", 47, 29]
"Justus"	["Cardinals", 32, 57]
"Kade"	["Red Sox", 44, 29]
"Kaden"	["Cardinals", 29, 47]
"Kadence"	["Cardinals", 25, 37]
"Kaeden"	["Red Sox", 48, 31]
"Kael"	["Red Sox", 50, 22]
"Kaelyn"	["Cardinals", 33, 38]
"Kaelynn"	["Cardinals", 32, 53]
"Kai"	["Cardinals", 28, 48]
"Kaia"	["Cardinals", 26, 46]
"Kaiden"	["Red Sox", 43, 38]
"Kailee"	["Cardinals", 22, 49]
"Kailey"	["Red Sox", 46, 32]
"Kailyn"	["Cardinals", 31, 69]
"Kailynn"	["Red Sox", 47, 26]
"Kairi"	["Red Sox", 56, 30]
"Kaitlin"	["Red Sox", 58, 33]
"Kaitlyn"	["Red Sox", 51, 34]
"Kaitlynn"	["Red Sox", 37, 31]
"Kaiya"	["Red Sox", 51, 22]
"Kale"	["Red Sox", 53, 24]
"Kaleb"	["Red Sox", 47, 26]
"Kaleigh"	["Cardinals", 36, 52]
"Kali"	["Red Sox", 49, 25]
"Kaliyah"	["Red Sox", 62, 30]
"Kallie"	["Cardinals", 22, 60]
"Kamari"	["Cardinals", 23, 47]
"Kamden"	["Red Sox", 40, 26]
"Kameron"	["Red Sox", 55, 32]
"Kamila"	["Red Sox", 52, 29]
"Kamron"	["Cardinals", 27, 46]
"Kamryn"	["Red Sox", 44, 39]
"Kane"	["Cardinals", 27, 47]
"Kara"	["Cardinals", 39, 47]
"Kareem"	["Cardinals", 25, 54]
"Karen"	["Cardinals", 25, 49]
"Karina"	["Cardinals", 36, 53]
"Karis"	["Red Sox", 47, 33]
"Karissa"	["Red Sox", 53, 22]
"Karla"	["Cardinals", 20, 43]
"Karlee"	["Cardinals", 31, 43]
"Karlie"	["Red Sox", 45, 25]
"Karma"	["Red Sox", 39, 25]
"Karsen"	["Red Sox", 49, 19]
"Karson"	["Cardinals", 20, 56]
"Karsyn"	["Red Sox", 41, 33]
"Karter"	["Cardinals", 28, 49]
"Kase"	["Cardinals", 27, 39]
"Kasen"	["Cardinals", 27, 50]
"Kasey"	["Red Sox", 43, 26]
"Kash"	["Red Sox", 46, 25]
"Kason"	["Red Sox", 43, 31]
"Kassandra"	["Cardinals", 23, 48]
"Kassidy"	["Red Sox", 51, 33]
"Katalina"	["Red Sox", 44, 29]
"Kate"	["Red Sox", 57, 46]
"Katelyn"	["Cardinals", 36, 46]
"Katelynn"	["Red Sox", 40, 31]
"Katherine"	["Red Sox", 50, 23]
"Kathleen"	["Red Sox", 47, 31]
"Kathryn"	["Red Sox", 53, 32]
"Katie"	["Cardinals", 30, 58]
"Katrina"	["Red Sox", 38, 37]
"Kaya"	["Red Sox", 39, 24]
"Kayden"	["Cardinals", 33, 43]
"Kaydence"	["Cardinals", 28, 44]
"Kayla"	["Cardinals", 20, 52]
"Kaylee"	["Cardinals", 21, 53]
"Kayleigh"	["Red Sox", 50, 28]
"Kaylen"	["Red Sox", 48, 30]
"Kaylie"	["Cardinals", 35, 44]
"Kaylin"	["Cardinals", 34, 38]
"Kaylyn"	["Cardinals", 28, 43]
"Kaylynn"	["Red Sox", 51, 25]
"Kaysen"	["Cardinals", 26, 47]
"Kayson"	["Cardinals", 25, 50]
"Keagan"	["Cardinals", 24, 42]
"Keaton"	["Cardinals", 30, 49]
"Keegan"	["Cardinals", 39, 42]
"Keenan"	["Red Sox", 46, 29]
"Keira"	["Red Sox", 49, 29]
"Keith"	["Red Sox", 57, 28]
"Kellan"	["Cardinals", 30, 52]
"Kellen"	["Cardinals", 29, 56]
"Kelly"	["Red Sox", 45, 30]
"Kelsey"	["Cardinals", 25, 43]
"Kelvin"	["Cardinals", 25, 42]
"Kendal"	["Cardinals", 32, 40]
"Kendall"	["Red Sox", 39, 26]
"Kendra"	["Red Sox", 59, 35]
"Kendrick"	["Red Sox", 47, 33]
"Kendyl"	["Red Sox", 50, 20]
"Kenia"	["Cardinals", 27, 64]
"Kenley"	["Cardinals", 29, 50]
"Kenna"	["Red Sox", 49, 21]
"Kennedi"	["Cardinals", 18, 51]
"Kennedy"	["Cardinals", 39, 54]
"Kenneth"	["Cardinals", 43, 65]
"Kenny"	["Red Sox", 46, 29]
"Kensley"	["Red Sox", 58, 26]
"Kenya"	["Red Sox", 52, 28]
"Kenzie"	["Red Sox", 52, 22]
"Kevin"	["Cardinals", 26, 41]
"Keyla"	["Cardinals", 28, 51]
"Khalil"	["Cardinals", 31, 48]
"Khloe"	["Red Sox", 42, 29]
"Kian"	["Red Sox", 44, 29]
"Kiana"	["Cardinals", 30, 48]
"Kiara"	["Red Sox", 54, 26]
"Kiera"	["Red Sox", 42, 33]
"Kieran"	["Cardinals", 31, 44]
"Kiley"	["Cardinals", 30, 56]
"Killian"	["Cardinals", 27, 54]
"Kimber"	["Cardinals", 27, 45]
"Kimberly"	["Red Sox", 37, 29]
"Kimora"	["Red Sox", 53, 42]
"King"	["Cardinals", 22, 52]
"Kingsley"	["Cardinals", 29, 55]
"Kingston"	["Cardinals", 27, 59]
"Kinley"	["Red Sox", 44, 28]
"Kinsley"	["Cardinals", 30, 64]
"Kira"	["Cardinals", 39, 49]
"Kirsten"	["Cardinals", 27, 56]
"Knox"	["Cardinals", 32, 50]
"Kobe"	["Red Sox", 60, 25]
"Kody"	["Red Sox", 54, 35]
"Kohen"	["Cardinals", 25, 55]
"Kolby"	["Red Sox", 38, 28]
"Kole"	["Red Sox", 53, 27]
"Kolten"	["Red Sox", 64, 27]
"Kolton"	["Red Sox", 50, 24]
"Konner"	["Cardinals", 26, 45]
"Konnor"	["Cardinals", 31, 50]
"Kora"	["Cardinals", 19, 52]
"Korbin"	["Cardinals", 30, 47]
"Kourtney"	["Cardinals", 31, 40]
"Krish"	["Cardinals", 32, 63]
"Kristen"	["Cardinals", 29, 44]
"Kristian"	["Cardinals", 19, 47]
"Kristina"	["Cardinals", 28, 53]
"Kristopher"	["Red Sox", 45, 33]
"Krystal"	["Cardinals", 27, 46]
"Kyla"	["Red Sox", 53, 34]
"Kylah"	["Cardinals", 28, 52]
"Kylan"	["Cardinals", 28, 44]
"Kyle"	["Cardinals", 24, 67]
"Kylee"	["Cardinals", 26, 32]
"Kyleigh"	["Red Sox", 53, 35]
"Kylen"	["Red Sox", 48, 19]
"Kyler"	["Red Sox", 53, 33]
"Kylie"	["Red Sox", 51, 21]
"Kymani"	["Red Sox", 49, 35]
"Kyndal"	["Red Sox", 40, 28]
"Kyndall"	["Red Sox", 47, 37]
"Kynlee"	["Red Sox", 44, 39]
"Kyra"	["Red Sox", 39, 39]
"Kyree"	["Red Sox", 40, 19]
"Kyrie"	["Red Sox", 39, 26]
"Kyson"	["Red Sox", 33, 32]
"Lacey"	["Red Sox", 49, 31]
"Laila"	["Cardinals", 23, 41]
"Lailah"	["Red Sox", 54, 28]
"Lainey"	["Cardinals", 24, 47]
"Lamar"	["Red Sox", 49, 42]
"Lana"	["Cardinals", 37, 49]
"Lance"	["Red Sox", 50, 22]
"Landen"	["Red Sox", 47, 31]
"Landon"	["Cardinals", 38, 61]
"Landry"	["Red Sox", 45, 21]
"Landyn"	["Red Sox", 64, 20]
"Lane"	["Cardinals", 23, 60]
"Laney"	["Red Sox", 51, 32]
"Lara"	["Red Sox", 48, 34]
"Larissa"	["Red Sox", 42, 25]
"Larry"	["Cardinals", 22, 61]
"Laura"	["Red Sox", 45, 19]
"Laurel"	["Red Sox", 54, 24]
"Lauren"	["Cardinals", 28, 48]
"Lauryn"	["Red Sox", 46, 39]
"Lawrence"	["Cardinals", 20, 59]
"Lawson"	["Cardinals", 24, 46]
"Layla"	["Red Sox", 43, 38]
"Laylah"	["Red Sox", 54, 33]
"Layne"	["Red Sox", 49, 37]
"Layton"	["Cardinals", 37, 47]
"Lea"	["Red Sox", 58, 24]
"Leah"	["Red Sox", 45, 28]
"Leandro"	["Cardinals", 27, 48]
"Leanna"	["Cardinals", 27, 46]
"Lee"	["Cardinals", 38, 53]
"Legend"	["Red Sox", 47, 33]
"Leia"	["Cardinals", 37, 46]
"Leighton"	["Cardinals", 40, 48]
"Leila"	["Cardinals", 28, 56]
"Leilani"	["Red Sox", 60, 36]
"Leland"	["Cardinals", 31, 59]
"Lena"	["Red Sox", 42, 31]
"Lennon"	["Cardinals", 34, 54]
"Lennox"	["Red Sox", 32, 24]
"Leo"	["Cardinals", 32, 31]
"Leon"	["Cardinals", 24, 55]
"Leona"	["Cardinals", 25, 37]
"Leonard"	["Cardinals", 34, 46]
"Leonardo"	["Cardinals", 30, 58]
"Leonel"	["Cardinals", 34, 39]
"Leonidas"	["Red Sox", 46, 28]
"Leroy"	["Red Sox", 45, 26]
"Leslie"	["Cardinals", 31, 63]
"Lesly"	["Red Sox", 46, 18]
"Levi"	["Cardinals", 21, 46]
"Lewis"	["Cardinals", 45, 44]
"Lexi"	["Cardinals", 24, 49]
"Lexie"	["Red Sox", 49, 28]
"Leyla"	["Cardinals", 23, 49]
"Lia"	["Red Sox", 34, 32]
"Liam"	["Cardinals", 26, 48]
"Liana"	["Cardinals", 34, 59]
"Libby"	["Cardinals", 32, 52]
"Liberty"	["Red Sox", 44, 22]
"Lila"	["Red Sox", 51, 22]
"Lilah"	["Cardinals", 28, 62]
"Lilia"	["Red Sox", 55, 33]
"Lilian"	["Cardinals", 29, 52]
"Liliana"	["Cardinals", 24, 48]
"Lilianna"	["Cardinals", 29, 35]
"Lilith"	["Red Sox", 41, 29]
"Lillian"	["Cardinals", 27, 66]
"Lilliana"	["Red Sox", 33, 24]
"Lillianna"	["Cardinals", 34, 45]
"Lillie"	["Cardinals", 31, 52]
"Lilly"	["Red Sox", 45, 32]
"Lillyana"	["Red Sox", 50, 28]
"Lily"	["Red Sox", 63, 35]
"Lilyana"	["Cardinals", 25, 50]
"Lilyanna"	["Red Sox", 43, 30]
"Lina"	["Cardinals", 23, 59]
"Lincoln"	["Cardinals", 30, 58]
"Linda"	["Red Sox", 41, 28]
"Lindsay"	["Red Sox", 42, 25]
"Lindsey"	["Cardinals", 24, 50]
"Lionel"	["Cardinals", 23, 49]
"Lisa"	["Red Sox", 41, 37]
"Litzy"	["Cardinals", 22, 43]
"Livia"	["Cardinals", 22, 46]
"Lizbeth"	["Cardinals", 21, 43]
"Logan"	["Red Sox", 50, 27]
"Lola"	["Cardinals", 30, 50]
"London"	["Cardinals", 31, 50]
"Londyn"	["Cardinals", 22, 46]
"Lorelai"	["Cardinals", 29, 58]
"Lorelei"	["Red Sox", 71, 25]
"Lorenzo"	["Cardinals", 31, 57]
"Louis"	["Cardinals", 27, 39]
"Luca"	["Red Sox", 40, 35]
"Lucas"	["Red Sox", 45, 24]
"Lucca"	["Red Sox", 48, 24]
"Lucia"	["Cardinals", 29, 69]
"Lucian"	["Cardinals", 22, 47]
"Luciana"	["Cardinals", 32, 41]
"Luciano"	["Red Sox", 59, 32]
"Lucille"	["Red Sox", 41, 28]
"Lucy"	["Cardinals", 36, 57]
"Luis"	["Cardinals", 28, 50]
"Luka"	["Red Sox", 52, 26]
"Lukas"	["Red Sox", 47, 26]
"Luke"	["Cardinals", 26, 39]
"Luna"	["Cardinals", 18, 45]
"Luz"	["Cardinals", 32, 45]
"Lydia"	["Red Sox", 38, 37]
"Lyla"	["Red Sox", 43, 27]
"Lylah"	["Cardinals", 28, 60]
"Lyric"	["Cardinals", 31, 50]
"Macey"	["Red Sox", 44, 33]
"Maci"	["Red Sox", 56, 26]
"Macie"	["Cardinals", 29, 44]
"Mack"	["Cardinals", 29, 56]
"Mackenzie"	["Cardinals", 39, 51]
"Macy"	["Cardinals", 19, 45]
"Madalyn"	["Red Sox", 47, 21]
"Madalynn"	["Red Sox", 56, 40]
"Madden"	["Red Sox", 45, 31]
"Maddison"	["Cardinals", 27, 49]
"Maddox"	["Cardinals", 27, 59]
"Madeleine"	["Red Sox", 46, 22]
"Madeline"	["Cardinals", 22, 56]
"Madelyn"	["Cardinals", 21, 57]
"Madelynn"	["Cardinals", 26, 55]
"Madilyn"	["Cardinals", 29, 61]
"Madilynn"	["Red Sox", 55, 40]
"Madison"	["Cardinals", 32, 49]
"Madisyn"	["Red Sox", 46, 36]
"Madyson"	["Red Sox", 50, 23]
"Mae"	["Cardinals", 27, 50]
"Maeve"	["Red Sox", 49, 40]
"Maggie"	["Cardinals", 28, 60]
"Maia"	["Red Sox", 42, 18]
"Maison"	["Red Sox", 45, 34]
"Major"	["Cardinals", 35, 47]
"Makai"	["Red Sox", 40, 26]
"Makayla"	["Cardinals", 34, 50]
"Makenna"	["Red Sox", 38, 32]
"Makenzie"	["Cardinals", 31, 43]
"Makhi"	["Red Sox", 43, 21]
"Malachi"	["Red Sox", 41, 30]
"Malakai"	["Red Sox", 45, 28]
"Malaki"	["Red Sox", 57, 26]
"Malaya"	["Cardinals", 25, 43]
"Malaysia"	["Red Sox", 43, 19]
"Malcolm"	["Red Sox", 43, 29]
"Maleah"	["Cardinals", 31, 46]
"Malia"	["Cardinals", 25, 40]
"Maliah"	["Cardinals", 28, 43]
"Malik"	["Cardinals", 29, 36]
"Maliyah"	["Cardinals", 28, 47]
"Mallory"	["Cardinals", 25, 53]
"Manuel"	["Red Sox", 43, 25]
"Mara"	["Red Sox", 53, 27]
"Marc"	["Red Sox", 42, 24]
"Marcel"	["Red Sox", 41, 26]
"Marcelo"	["Cardinals", 19, 45]
"Marco"	["Red Sox", 64, 32]
"Marcos"	["Red Sox", 43, 27]
"Marcus"	["Cardinals", 33, 47]
"Margaret"	["Red Sox", 45, 32]
"Maria"	["Red Sox", 46, 37]
"Mariah"	["Cardinals", 39, 55]
"Mariam"	["Cardinals", 27, 52]
"Mariana"	["Red Sox", 47, 29]
"Marianna"	["Cardinals", 23, 55]
"Marie"	["Cardinals", 23, 51]
"Marilyn"	["Cardinals", 18, 53]
"Marina"	["Red Sox", 54, 29]
"Mario"	["Cardinals", 35, 50]
"Marisa"	["Red Sox", 59, 34]
"Marisol"	["Cardinals", 39, 55]
"Marissa"	["Cardinals", 27, 53]
"Maritza"	["Cardinals", 21, 55]
"Mariyah"	["Cardinals", 24, 46]
"Mark"	["Red Sox", 46, 25]
"Markus"	["Cardinals", 26, 52]
"Marlee"	["Cardinals", 30, 39]
"Marlene"	["Red Sox", 45, 31]
"Marley"	["Cardinals", 22, 42]
"Marlon"	["Cardinals", 34, 49]
"Marquis"	["Cardinals", 36, 41]
"Marshall"	["Cardinals", 31, 47]
"Martha"	["Cardinals", 25, 49]
"Martin"	["Red Sox", 49, 23]
"Marvin"	["Red Sox", 44, 25]
"Mary"	["Red Sox", 52, 27]
"Maryam"	["Red Sox", 42, 32]
"Masen"	["Cardinals", 28, 54]
"Mason"	["Cardinals", 32, 59]
"Mateo"	["Red Sox", 58, 28]
"Mathew"	["Cardinals", 27, 60]
"Mathias"	["Red Sox", 55, 51]
"Matias"	["Red Sox", 44, 37]
"Matilda"	["Cardinals", 22, 55]
"Matteo"	["Red Sox", 48, 36]
"Matthew"	["Red Sox", 51, 39]
"Matthias"	["Red Sox", 55, 37]
"Mattie"	["Cardinals", 26, 53]
"Maurice"	["Red Sox", 45, 25]
"Mauricio"	["Cardinals", 37, 48]
"Maverick"	["Cardinals", 24, 32]
"Max"	["Red Sox", 48, 35]
"Maxim"	["Red Sox", 51, 39]
"Maximilian"	["Cardinals", 28, 44]
"Maximiliano"	["Cardinals", 33, 55]
"Maximo"	["Cardinals", 29, 46]
"Maximus"	["Cardinals", 21, 49]
"Maxton"	["Red Sox", 51, 30]
"Maxwell"	["Cardinals", 40, 42]
"Maya"	["Red Sox", 57, 33]
"Mayson"	["Red Sox", 39, 31]
"Mckayla"	["Red Sox", 45, 23]
"Mckenna"	["Cardinals", 27, 39]
"Mckenzie"	["Red Sox", 54, 26]
"Mckinley"	["Red Sox", 39, 22]
"Meadow"	["Red Sox", 33, 26]
"Megan"	["Red Sox", 55, 38]
"Meghan"	["Red Sox", 55, 26]
"Mekhi"	["Red Sox", 43, 34]
"Melanie"	["Cardinals", 30, 42]
"Melany"	["Cardinals", 29, 41]
"Melina"	["Cardinals", 27, 49]
"Melissa"	["Red Sox", 37, 28]
"Melody"	["Cardinals", 32, 61]
"Melvin"	["Cardinals", 32, 51]
"Memphis"	["Red Sox", 40, 28]
"Mercedes"	["Cardinals", 33, 43]
"Meredith"	["Cardinals", 23, 64]
"Messiah"	["Cardinals", 22, 53]
"Mia"	["Cardinals", 28, 48]
"Miah"	["Cardinals", 27, 53]
"Micah"	["Red Sox", 45, 32]
"Michael"	["Cardinals", 33, 51]
"Michaela"	["Red Sox", 46, 21]
"Micheal"	["Cardinals", 30, 41]
"Michelle"	["Red Sox", 45, 29]
"Miguel"	["Cardinals", 23, 39]
"Mikaela"	["Red Sox", 61, 24]
"Mikayla"	["Cardinals", 20, 53]
"Mike"	["Cardinals", 25, 45]
"Mila"	["Red Sox", 47, 33]
"Milan"	["Red Sox", 47, 32]
"Milana"	["Red Sox", 37, 35]
"Milania"	["Cardinals", 29, 33]
"Milena"	["Red Sox", 42, 31]
"Miles"	["Red Sox", 48, 39]
"Miley"	["Red Sox", 52, 29]
"Millie"	["Cardinals", 22, 44]
"Milo"	["Red Sox", 45, 26]
"Mina"	["Red Sox", 50, 26]
"Mira"	["Red Sox", 36, 34]
"Miracle"	["Cardinals", 26, 44]
"Miranda"	["Red Sox", 47, 38]
"Miriam"	["Red Sox", 42, 24]
"Misael"	["Cardinals", 21, 46]
"Mitchell"	["Red Sox", 58, 23]
"Miya"	["Red Sox", 53, 25]
"Mohamed"	["Cardinals", 24, 34]
"Mohammad"	["Red Sox", 44, 22]
"Mohammed"	["Red Sox", 45, 27]
"Moises"	["Red Sox", 36, 37]
"Mollie"	["Cardinals", 38, 47]
"Molly"	["Red Sox", 48, 32]
"Monica"	["Red Sox", 35, 30]
"Monroe"	["Red Sox", 48, 41]
"Morgan"	["Red Sox", 47, 35]
"Moriah"	["Red Sox", 52, 20]
"Moses"	["Cardinals", 38, 49]
"Moshe"	["Red Sox", 49, 25]
"Muhammad"	["Cardinals", 32, 62]
"Mustafa"	["Red Sox", 56, 23]
"Mya"	["Cardinals", 37, 50]
"Myah"	["Red Sox", 53, 22]
"Myla"	["Red Sox", 42, 32]
"Myles"	["Red Sox", 49, 28]
"Myra"	["Cardinals", 30, 46]
"Nadia"	["Cardinals", 22, 58]
"Nahla"	["Cardinals", 25, 48]
"Nancy"	["Cardinals", 28, 49]
"Naomi"	["Red Sox", 46, 28]
"Nash"	["Red Sox", 51, 28]
"Nasir"	["Red Sox", 48, 29]
"Natalee"	["Cardinals", 26, 56]
"Natalia"	["Cardinals", 34, 42]
"Natalie"	["Cardinals", 23, 49]
"Nataly"	["Cardinals", 26, 43]
"Natalya"	["Cardinals", 40, 49]
"Natasha"	["Cardinals", 26, 45]
"Nathalie"	["Red Sox", 42, 25]
"Nathaly"	["Cardinals", 26, 35]
"Nathan"	["Red Sox", 60, 25]
"Nathanael"	["Cardinals", 22, 48]
"Nathaniel"	["Cardinals", 26, 65]
"Nayeli"	["Cardinals", 32, 53]
"Nehemiah"	["Cardinals", 32, 39]
"Neil"	["Cardinals", 30, 44]
"Nelson"	["Cardinals", 28, 42]
"Nevaeh"	["Cardinals", 31, 55]
"Neymar"	["Red Sox", 58, 29]
"Nia"	["Red Sox", 67, 34]
"Nicholas"	["Red Sox", 58, 23]
"Nickolas"	["Red Sox", 47, 33]
"Nico"	["Cardinals", 33, 42]
"Nicolas"	["Red Sox", 53, 23]
"Nicole"	["Cardinals", 33, 57]
"Niko"	["Cardinals", 15, 48]
"Nikolai"	["Red Sox", 44, 31]
"Nikolas"	["Cardinals", 32, 51]
"Nina"	["Red Sox", 44, 23]
"Nixon"	["Cardinals", 36, 51]
"Noah"	["Red Sox", 45, 34]
"Noe"	["Red Sox", 48, 28]
"Noel"	["Cardinals", 26, 47]
"Noelle"	["Cardinals", 19, 45]
"Noemi"	["Cardinals", 25, 50]
"Nola"	["Red Sox", 56, 32]
"Nolan"	["Red Sox", 58, 31]
"Nora"	["Red Sox", 47, 30]
"Norah"	["Cardinals", 29, 50]
"Nova"	["Cardinals", 27, 46]
"Nyla"	["Cardinals", 33, 54]
"Nylah"	["Red Sox", 56, 25]
"Oakley"	["Cardinals", 33, 49]
"Odin"	["Cardinals", 34, 48]
"Olive"	["Red Sox", 49, 38]
"Oliver"	["Cardinals", 26, 58]
"Olivia"	["Cardinals", 37, 51]
"Omar"	["Cardinals", 31, 63]
"Omari"	["Cardinals", 27, 47]
"Orion"	["Cardinals", 24, 50]
"Orlando"	["Cardinals", 22, 50]
"Oscar"	["Red Sox", 46, 29]
"Osvaldo"	["Cardinals", 29, 55]
"Otto"	["Red Sox", 40, 33]
"Owen"	["Cardinals", 25, 45]
"Pablo"	["Red Sox", 52, 27]
"Paige"	["Red Sox", 53, 29]
"Paislee"	["Cardinals", 22, 47]
"Paisley"	["Cardinals", 28, 48]
"Paityn"	["Cardinals", 37, 42]
"Paloma"	["Red Sox", 34, 31]
"Paola"	["Cardinals", 28, 51]
"Paris"	["Cardinals", 30, 37]
"Parker"	["Cardinals", 27, 43]
"Patience"	["Red Sox", 52, 27]
"Patricia"	["Cardinals", 32, 45]
"Patrick"	["Red Sox", 48, 27]
"Paul"	["Cardinals", 22, 44]
"Paula"	["Cardinals", 30, 51]
"Paulina"	["Cardinals", 29, 47]
"Paxton"	["Cardinals", 31, 62]
"Payton"	["Red Sox", 48, 33]
"Pearl"	["Red Sox", 46, 35]
"Pedro"	["Cardinals", 27, 49]
"Penelope"	["Cardinals", 30, 54]
"Perla"	["Cardinals", 22, 49]
"Peter"	["Red Sox", 44, 30]
"Peyton"	["Cardinals", 29, 57]
"Philip"	["Cardinals", 19, 52]
"Phillip"	["Cardinals", 31, 51]
"Phoebe"	["Cardinals", 29, 51]
"Phoenix"	["Cardinals", 27, 52]
"Pierce"	["Cardinals", 27, 41]
"Piper"	["Cardinals", 25, 38]
"Porter"	["Red Sox", 56, 35]
"Presley"	["Cardinals", 27, 64]
"Preston"	["Red Sox", 44, 39]
"Prince"	["Cardinals", 41, 37]
"Princeton"	["Red Sox", 49, 33]
"Priscilla"	["Red Sox", 50, 35]
"Quentin"	["Red Sox", 51, 34]
"Quincy"	["Red Sox", 41, 31]
"Quinn"	["Cardinals", 31, 59]
"Quintin"	["Cardinals", 26, 48]
"Quinton"	["Cardinals", 17, 49]
"Rachael"	["Cardinals", 24, 42]
"Rachel"	["Cardinals", 26, 45]
"Raegan"	["Cardinals", 35, 37]
"Raelyn"	["Red Sox", 44, 26]
"Raelynn"	["Cardinals", 20, 51]
"Rafael"	["Cardinals", 31, 39]
"Raiden"	["Red Sox", 45, 31]
"Raina"	["Red Sox", 55, 31]
"Ramiro"	["Red Sox", 50, 35]
"Ramon"	["Cardinals", 22, 54]
"Randall"	["Cardinals", 23, 57]
"Randy"	["Cardinals", 14, 43]
"Raphael"	["Red Sox", 54, 21]
"Raquel"	["Red Sox", 51, 26]
"Rashad"	["Cardinals", 20, 59]
"Raul"	["Cardinals", 23, 57]
"Raven"	["Red Sox", 52, 35]
"Ray"	["Red Sox", 41, 44]
"Rayan"	["Red Sox", 50, 29]
"Rayden"	["Cardinals", 31, 47]
"Raylan"	["Cardinals", 29, 45]
"Raylee"	["Cardinals", 35, 58]
"Raymond"	["Red Sox", 37, 27]
"Rayna"	["Cardinals", 23, 51]
"Rayne"	["Cardinals", 21, 43]
"Reagan"	["Red Sox", 58, 32]
"Rebecca"	["Red Sox", 48, 22]
"Rebekah"	["Red Sox", 40, 22]
"Reece"	["Cardinals", 31, 67]
"Reed"	["Red Sox", 46, 27]
"Reese"	["Red Sox", 43, 28]
"Regan"	["Red Sox", 56, 31]
"Regina"	["Cardinals", 38, 40]
"Reginald"	["Red Sox", 47, 20]
"Reid"	["Cardinals", 28, 45]
"Remington"	["Cardinals", 37, 46]
"Remy"	["Red Sox", 50, 29]
"Renata"	["Cardinals", 31, 57]
"Rene"	["Red Sox", 42, 34]
"Renee"	["Red Sox", 55, 26]
"Reuben"	["Cardinals", 25, 41]
"Rex"	["Red Sox", 40, 24]
"Rey"	["Red Sox", 38, 27]
"Reyna"	["Red Sox", 47, 31]
"Rhett"	["Cardinals", 28, 38]
"Rhys"	["Cardinals", 38, 50]
"Ricardo"	["Cardinals", 26, 44]
"Richard"	["Red Sox", 42, 27]
"Ricky"	["Red Sox", 54, 32]
"Rihanna"	["Cardinals", 28, 51]
"Riley"	["Red Sox", 52, 20]
"River"	["Cardinals", 15, 47]
"Riya"	["Cardinals", 31, 40]
"Robert"	["Cardinals", 27, 45]
"Roberto"	["Cardinals", 27, 53]
"Rocco"	["Cardinals", 32, 40]
"Roderick"	["Red Sox", 50, 27]
"Rodney"	["Cardinals", 24, 42]
"Rodolfo"	["Cardinals", 38, 47]
"Rodrigo"	["Cardinals", 29, 47]
"Rogelio"	["Red Sox", 44, 37]
"Roger"	["Red Sox", 53, 35]
"Rohan"	["Cardinals", 25, 57]
"Roland"	["Cardinals", 33, 49]
"Rolando"	["Red Sox", 52, 23]
"Roman"	["Cardinals", 38, 56]
"Romeo"	["Cardinals", 32, 46]
"Ronald"	["Red Sox", 49, 31]
"Ronan"	["Red Sox", 58, 28]
"Ronin"	["Cardinals", 36, 53]
"Ronnie"	["Red Sox", 55, 25]
"Rory"	["Red Sox", 42, 25]
"Rosa"	["Cardinals", 37, 43]
"Rosalie"	["Cardinals", 27, 36]
"Rose"	["Red Sox", 49, 22]
"Roselyn"	["Cardinals", 26, 49]
"Rosemary"	["Cardinals", 27, 42]
"Ross"	["Cardinals", 25, 39]
"Rowan"	["Red Sox", 51, 18]
"Rowen"	["Cardinals", 34, 57]
"Roy"	["Cardinals", 23, 38]
"Royce"	["Cardinals", 30, 65]
"Ruben"	["Cardinals", 29, 48]
"Ruby"	["Red Sox", 60, 23]
"Rudy"	["Red Sox", 55, 28]
"Russell"	["Red Sox", 39, 26]
"Ruth"	["Cardinals", 39, 59]
"Ryan"	["Cardinals", 24, 57]
"Ryann"	["Red Sox", 42, 27]
"Ryder"	["Red Sox", 51, 19]
"Ryker"	["Cardinals", 33, 42]
"Rylan"	["Cardinals", 21, 46]
"Ryland"	["Cardinals", 40, 54]
"Rylee"	["Cardinals", 25, 55]
"Ryleigh"	["Red Sox", 42, 31]
"Rylen"	["Red Sox", 52, 25]
"Rylie"	["Cardinals", 23, 50]
"Saanvi"	["Cardinals", 26, 41]
"Sabrina"	["Red Sox", 51, 26]
"Sadie"	["Red Sox", 36, 33]
"Sage"	["Red Sox", 50, 32]
"Saige"	["Red Sox", 42, 31]
"Salma"	["Cardinals", 34, 48]
"Salvador"	["Cardinals", 25, 44]
"Salvatore"	["Cardinals", 33, 48]
"Sam"	["Cardinals", 23, 57]
"Samantha"	["Cardinals", 25, 40]
"Samara"	["Cardinals", 20, 56]
"Samir"	["Cardinals", 21, 50]
"Samiyah"	["Cardinals", 29, 48]
"Samson"	["Cardinals", 24, 47]
"Samuel"	["Cardinals", 31, 61]
"Sandra"	["Cardinals", 34, 53]
"Saniya"	["Red Sox", 52, 32]
"Saniyah"	["Cardinals", 25, 53]
"Santiago"	["Cardinals", 31, 53]
"Santino"	["Cardinals", 26, 44]
"Santos"	["Cardinals", 33, 46]
"Sara"	["Cardinals", 32, 49]
"Sarah"	["Cardinals", 35, 44]
"Sarahi"	["Red Sox", 45, 39]
"Sarai"	["Red Sox", 61, 26]
"Sariah"	["Red Sox", 48, 27]
"Sariyah"	["Red Sox", 62, 29]
"Sasha"	["Cardinals", 33, 56]
"Saul"	["Red Sox", 46, 28]
"Savanna"	["Red Sox", 49, 28]
"Savannah"	["Cardinals", 33, 44]
"Sawyer"	["Cardinals", 29, 54]
"Scarlet"	["Red Sox", 49, 25]
"Scarlett"	["Cardinals", 33, 52]
"Scarlette"	["Cardinals", 30, 58]
"Scott"	["Red Sox", 41, 27]
"Seamus"	["Cardinals", 35, 41]
"Sean"	["Red Sox", 42, 32]
"Sebastian"	["Cardinals", 31, 42]
"Selah"	["Cardinals", 32, 45]
"Selena"	["Cardinals", 34, 54]
"Semaj"	["Red Sox", 46, 35]
"Serena"	["Cardinals", 30, 41]
"Serenity"	["Cardinals", 21, 49]
"Sergio"	["Cardinals", 30, 59]
"Seth"	["Red Sox", 51, 36]
"Shane"	["Cardinals", 37, 46]
"Shannon"	["Red Sox", 45, 28]
"Sharon"	["Red Sox", 53, 30]
"Shaun"	["Red Sox", 49, 31]
"Shawn"	["Red Sox", 43, 33]
"Shayla"	["Red Sox", 46, 33]
"Shelby"	["Red Sox", 36, 27]
"Sheldon"	["Red Sox", 49, 36]
"Sherlyn"	["Red Sox", 61, 34]
"Shiloh"	["Red Sox", 43, 30]
"Sidney"	["Cardinals", 26, 62]
"Siena"	["Cardinals", 29, 48]
"Sienna"	["Red Sox", 48, 38]
"Sierra"	["Cardinals", 23, 41]
"Silas"	["Red Sox", 39, 18]
"Simeon"	["Cardinals", 26, 57]
"Simon"	["Red Sox", 43, 30]
"Simone"	["Red Sox", 54, 23]
"Sincere"	["Cardinals", 28, 43]
"Sky"	["Red Sox", 39, 37]
"Skye"	["Red Sox", 53, 21]
"Skyla"	["Cardinals", 32, 44]
"Skylar"	["Red Sox", 51, 21]
"Skyler"	["Cardinals", 18, 54]
"Sloan"	["Cardinals", 31, 67]
"Sloane"	["Cardinals", 29, 52]
"Sofia"	["Red Sox", 52, 34]
"Sofie"	["Red Sox", 43, 27]
"Solomon"	["Cardinals", 21, 47]
"Sonia"	["Cardinals", 26, 53]
"Sonny"	["Cardinals", 21, 46]
"Sophia"	["Red Sox", 48, 28]
"Sophie"	["Cardinals", 29, 50]
"Soren"	["Cardinals", 31, 40]
"Spencer"	["Red Sox", 50, 27]
"Stanley"	["Red Sox", 46, 21]
"Stefan"	["Red Sox", 62, 28]
"Stella"	["Cardinals", 22, 46]
"Stephanie"	["Cardinals", 24, 39]
"Stephen"	["Cardinals", 22, 51]
"Sterling"	["Cardinals", 29, 54]
"Steve"	["Red Sox", 59, 34]
"Steven"	["Cardinals", 26, 54]
"Sullivan"	["Red Sox", 51, 26]
"Summer"	["Cardinals", 33, 43]
"Susan"	["Cardinals", 35, 51]
"Sydney"	["Red Sox", 52, 32]
"Sylas"	["Red Sox", 52, 37]
"Sylvia"	["Red Sox", 53, 30]
"Tabitha"	["Red Sox", 57, 26]
"Talia"	["Red Sox", 48, 28]
"Taliyah"	["Cardinals", 26, 51]
"Talon"	["Red Sox", 48, 33]
"Tamia"	["Cardinals", 33, 59]
"Tanner"	["Cardinals", 33, 58]
"Tara"	["Red Sox", 40, 31]
"Taraji"	["Red Sox", 37, 37]
"Taryn"	["Red Sox", 39, 37]
"Tate"	["Cardinals", 34, 52]
"Tatiana"	["Cardinals", 34, 49]
"Tatum"	["Cardinals", 21, 58]
"Taylor"	["Red Sox", 42, 25]
"Teagan"	["Red Sox", 49, 33]
"Temperance"	["Red Sox", 58, 33]
"Tenley"	["Cardinals", 33, 44]
"Teresa"	["Red Sox", 52, 15]
"Terrance"	["Red Sox", 39, 28]
"Terrell"	["Cardinals", 24, 43]
"Terrence"	["Red Sox", 50, 36]
"Terry"	["Cardinals", 33, 46]
"Tess"	["Red Sox", 51, 24]
"Tessa"	["Red Sox", 49, 28]
"Thaddeus"	["Red Sox", 46, 26]
"Thalia"	["Red Sox", 45, 27]
"Theo"	["Cardinals", 29, 53]
"Theodore"	["Cardinals", 24, 53]
"Thiago"	["Red Sox", 49, 32]
"Thomas"	["Red Sox", 51, 38]
"Tia"	["Red Sox", 34, 27]
"Tiana"	["Cardinals", 37, 42]
"Tiffany"	["Cardinals", 27, 38]
"Timothy"	["Red Sox", 40, 28]
"Tinley"	["Cardinals", 27, 42]
"Titan"	["Cardinals", 30, 46]
"Titus"	["Cardinals", 27, 51]
"Tobias"	["Cardinals", 21, 55]
"Toby"	["Cardinals", 31, 60]
"Todd"	["Red Sox", 59, 28]
"Tomas"	["Cardinals", 33, 53]
"Tommy"	["Cardinals", 27, 51]
"Tony"	["Red Sox", 51, 32]
"Tori"	["Cardinals", 30, 45]
"Trace"	["Cardinals", 22, 52]
"Travis"	["Red Sox", 40, 24]
"Trent"	["Cardinals", 26, 50]
"Trenton"	["Red Sox", 48, 34]
"Trevon"	["Red Sox", 51, 37]
"Trevor"	["Cardinals", 27, 50]
"Trey"	["Red Sox", 42, 28]
"Trinity"	["Red Sox", 57, 37]
"Tripp"	["Cardinals", 20, 59]
"Tristan"	["Cardinals", 37, 35]
"Tristen"	["Cardinals", 30, 46]
"Tristian"	["Red Sox", 48, 39]
"Tristin"	["Cardinals", 37, 47]
"Triston"	["Cardinals", 34, 54]
"Troy"	["Red Sox", 42, 34]
"Truman"	["Red Sox", 49, 33]
"Trystan"	["Cardinals", 30, 59]
"Tucker"	["Cardinals", 32, 57]
"Turner"	["Cardinals", 27, 50]
"Ty"	["Red Sox", 62, 26]
"Tyler"	["Cardinals", 20, 39]
"Tyree"	["Cardinals", 27, 43]
"Tyrell"	["Cardinals", 26, 39]
"Tyrone"	["Red Sox", 39, 37]
"Tyson"	["Red Sox", 45, 30]
"Ulises"	["Red Sox", 42, 37]
"Uriah"	["Cardinals", 24, 43]
"Uriel"	["Cardinals", 34, 49]
"Urijah"	["Red Sox", 41, 29]
"Valentin"	["Red Sox", 54, 31]
"Valentina"	["Cardinals", 30, 48]
"Valentino"	["Red Sox", 50, 34]
"Valeria"	["Cardinals", 26, 39]
"Valerie"	["Cardinals", 29, 46]
"Van"	["Red Sox", 55, 31]
"Vance"	["Red Sox", 49, 31]
"Vanessa"	["Cardinals", 25, 51]
"Vaughn"	["Cardinals", 32, 60]
"Vera"	["Cardinals", 29, 46]
"Veronica"	["Red Sox", 39, 32]
"Vicente"	["Red Sox", 54, 26]
"Victor"	["Red Sox", 44, 25]
"Victoria"	["Red Sox", 46, 39]
"Vihaan"	["Cardinals", 27, 45]
"Vincent"	["Cardinals", 30, 45]
"Vincenzo"	["Red Sox", 40, 25]
"Violet"	["Cardinals", 22, 50]
"Virginia"	["Cardinals", 31, 47]
"Vivian"	["Red Sox", 40, 35]
"Viviana"	["Cardinals", 29, 36]
"Vivienne"	["Cardinals", 27, 49]
"Wade"	["Cardinals", 35, 48]
"Walker"	["Cardinals", 30, 53]
"Walter"	["Red Sox", 42, 36]
"Warren"	["Red Sox", 45, 28]
"Waylon"	["Red Sox", 46, 30]
"Wayne"	["Cardinals", 18, 42]
"Wendy"	["Cardinals", 27, 51]
"Wesley"	["Red Sox", 47, 43]
"Westin"	["Red Sox", 48, 27]
"Weston"	["Cardinals", 24, 68]
"Whitney"	["Red Sox", 61, 29]
"Will"	["Red Sox", 27, 29]
"Willa"	["Red Sox", 33, 33]
"William"	["Cardinals", 25, 51]
"Willie"	["Cardinals", 34, 57]
"Willow"	["Cardinals", 33, 50]
"Wilson"	["Red Sox", 47, 33]
"Winston"	["Cardinals", 32, 59]
"Winter"	["Red Sox", 46, 34]
"Wyatt"	["Red Sox", 44, 38]
"Xander"	["Cardinals", 24, 45]
"Xavi"	["Red Sox", 47, 29]
"Xavier"	["Red Sox", 43, 33]
"Ximena"	["Cardinals", 32, 48]
"Xzavier"	["Cardinals", 25, 55]
"Yael"	["Cardinals", 31, 53]
"Yahir"	["Red Sox", 36, 23]
"Yamileth"	["Cardinals", 30, 52]
"Yandel"	["Cardinals", 23, 55]
"Yareli"	["Cardinals", 21, 48]
"Yaretzi"	["Cardinals", 35, 52]
"Yaritza"	["Cardinals", 21, 52]
"Yasmin"	["Cardinals", 30, 41]
"Yehuda"	["Red Sox", 45, 32]
"Yesenia"	["Cardinals", 23, 58]
"Yosef"	["Red Sox", 57, 30]
"Yousef"	["Cardinals", 30, 51]
"Yusuf"	["Red Sox", 47, 33]
"Zachariah"	["Cardinals", 28, 44]
"Zachary"	["Red Sox", 40, 41]
"Zackary"	["Cardinals", 32, 58]
"Zahra"	["Red Sox", 53, 31]
"Zaid"	["Red Sox", 56, 21]
"Zaiden"	["Red Sox", 37, 34]
"Zain"	["Red Sox", 56, 25]
"Zaire"	["Cardinals", 32, 51]
"Zander"	["Cardinals", 27, 51]
"Zane"	["Red Sox", 46, 31]
"Zaniyah"	["Cardinals", 27, 51]
"Zara"	["Red Sox", 47, 29]
"Zaria"	["Cardinals", 31, 56]
"Zariah"	["Red Sox", 48, 22]
"Zariyah"	["Red Sox", 39, 26]
"Zavier"	["Red Sox", 36, 26]
"Zayden"	["Red Sox", 49, 21]
"Zayne"	["Cardinals", 21, 44]
"Zechariah"	["Cardinals", 21, 42]
"Zeke"	["Cardinals", 27, 58]
"Zion"	["Red Sox", 43, 22]
"Zoe"	["Cardinals", 26, 73]
"Zoey"	["Cardinals", 26, 53]
"Zoie"	["Red Sox", 53, 32]
"Zuri"	["Red Sox", 58, 35]
